<?xml version="1.0" encoding="UTF-8"?>
<coverage generated="1541178501285" clover="3.2.0">
  <project timestamp="1541178501285" name="All files">
    <metrics statements="131" coveredstatements="105" conditionals="26" coveredconditionals="16" methods="50" coveredmethods="31" elements="207" coveredelements="152" complexity="0" loc="131" ncloc="131" packages="2" files="4" classes="4">
      <package name="client">
        <metrics statements="127" coveredstatements="101" conditionals="26" coveredconditionals="16" methods="50" coveredmethods="31"/>
        <file name="gallery.jsx" path="/Users/luantran/Documents/FEC/image-module/image-module/client/gallery.jsx">
          <metrics statements="86" coveredstatements="69" conditionals="24" coveredconditionals="14" methods="23" coveredmethods="13"/>
          <line num="8" count="2" type="stmt"/>
          <line num="10" count="2" type="stmt"/>
          <line num="24" count="2" type="stmt"/>
          <line num="30" count="0" type="stmt"/>
          <line num="33" count="2" type="stmt"/>
          <line num="43" count="0" type="cond" truecount="0" falsecount="2"/>
          <line num="45" count="2" type="stmt"/>
          <line num="57" count="2" type="stmt"/>
          <line num="63" count="0" type="cond" truecount="0" falsecount="2"/>
          <line num="67" count="2" type="stmt"/>
          <line num="72" count="2" type="stmt"/>
          <line num="83" count="7" type="stmt"/>
          <line num="84" count="7" type="stmt"/>
          <line num="93" count="7" type="stmt"/>
          <line num="94" count="7" type="stmt"/>
          <line num="95" count="7" type="stmt"/>
          <line num="96" count="7" type="stmt"/>
          <line num="97" count="7" type="stmt"/>
          <line num="98" count="7" type="stmt"/>
          <line num="99" count="7" type="stmt"/>
          <line num="104" count="7" type="stmt"/>
          <line num="106" count="0" type="stmt"/>
          <line num="107" count="0" type="stmt"/>
          <line num="108" count="0" type="stmt"/>
          <line num="114" count="0" type="stmt"/>
          <line num="115" count="0" type="stmt"/>
          <line num="116" count="0" type="stmt"/>
          <line num="121" count="10" type="stmt"/>
          <line num="122" count="10" type="stmt"/>
          <line num="123" count="10" type="stmt"/>
          <line num="124" count="10" type="stmt"/>
          <line num="125" count="10" type="stmt"/>
          <line num="130" count="5" type="stmt"/>
          <line num="131" count="5" type="stmt"/>
          <line num="132" count="5" type="cond" truecount="1" falsecount="1"/>
          <line num="133" count="5" type="stmt"/>
          <line num="136" count="5" type="stmt"/>
          <line num="138" count="5" type="cond" truecount="4" falsecount="0"/>
          <line num="139" count="3" type="stmt"/>
          <line num="140" count="2" type="cond" truecount="1" falsecount="1"/>
          <line num="141" count="2" type="stmt"/>
          <line num="144" count="5" type="stmt"/>
          <line num="152" count="5" type="stmt"/>
          <line num="156" count="5" type="stmt"/>
          <line num="157" count="5" type="stmt"/>
          <line num="159" count="5" type="stmt"/>
          <line num="160" count="5" type="stmt"/>
          <line num="161" count="5" type="cond" truecount="2" falsecount="0"/>
          <line num="162" count="2" type="cond" truecount="1" falsecount="1"/>
          <line num="163" count="2" type="stmt"/>
          <line num="165" count="3" type="cond" truecount="1" falsecount="1"/>
          <line num="166" count="3" type="cond" truecount="2" falsecount="0"/>
          <line num="167" count="2" type="stmt"/>
          <line num="170" count="5" type="stmt"/>
          <line num="171" count="5" type="stmt"/>
          <line num="172" count="5" type="stmt"/>
          <line num="173" count="5" type="stmt"/>
          <line num="174" count="5" type="stmt"/>
          <line num="179" count="0" type="stmt"/>
          <line num="183" count="0" type="stmt"/>
          <line num="185" count="0" type="cond" truecount="0" falsecount="2"/>
          <line num="186" count="0" type="stmt"/>
          <line num="191" count="31" type="stmt"/>
          <line num="192" count="31" type="stmt"/>
          <line num="193" count="31" type="stmt"/>
          <line num="195" count="570" type="stmt"/>
          <line num="198" count="0" type="stmt"/>
          <line num="199" count="0" type="stmt"/>
          <line num="200" count="0" type="stmt"/>
          <line num="207" count="570" type="stmt"/>
          <line num="210" count="31" type="stmt"/>
          <line num="214" count="31" type="stmt"/>
          <line num="215" count="31" type="stmt"/>
          <line num="216" count="31" type="stmt"/>
          <line num="217" count="31" type="stmt"/>
          <line num="219" count="31" type="stmt"/>
          <line num="223" count="2" type="stmt"/>
          <line num="225" count="2" type="stmt"/>
          <line num="229" count="31" type="stmt"/>
          <line num="230" count="31" type="stmt"/>
          <line num="232" count="31" type="stmt"/>
          <line num="235" count="0" type="stmt"/>
          <line num="241" count="2" type="stmt"/>
          <line num="247" count="3" type="stmt"/>
          <line num="258" count="1" type="stmt"/>
          <line num="275" count="2" type="stmt"/>
        </file>
        <file name="imageCollage.jsx" path="/Users/luantran/Documents/FEC/image-module/image-module/client/imageCollage.jsx">
          <metrics statements="41" coveredstatements="32" conditionals="2" coveredconditionals="2" methods="27" coveredmethods="18"/>
          <line num="6" count="1" type="stmt"/>
          <line num="9" count="1" type="stmt"/>
          <line num="75" count="38" type="stmt"/>
          <line num="86" count="38" type="stmt"/>
          <line num="90" count="38" type="stmt"/>
          <line num="94" count="38" type="stmt"/>
          <line num="99" count="38" type="stmt"/>
          <line num="141" count="8" type="stmt"/>
          <line num="143" count="8" type="stmt"/>
          <line num="153" count="8" type="stmt"/>
          <line num="154" count="8" type="stmt"/>
          <line num="158" count="8" type="stmt"/>
          <line num="160" count="0" type="stmt"/>
          <line num="161" count="0" type="stmt"/>
          <line num="166" count="3" type="stmt"/>
          <line num="167" count="3" type="stmt"/>
          <line num="169" count="3" type="stmt"/>
          <line num="170" count="15" type="stmt"/>
          <line num="173" count="3" type="stmt"/>
          <line num="179" count="5" type="stmt"/>
          <line num="180" count="5" type="stmt"/>
          <line num="182" count="5" type="stmt"/>
          <line num="183" count="25" type="cond" truecount="2" falsecount="0"/>
          <line num="184" count="5" type="stmt"/>
          <line num="186" count="20" type="stmt"/>
          <line num="190" count="5" type="stmt"/>
          <line num="203" count="19" type="stmt"/>
          <line num="204" count="19" type="stmt"/>
          <line num="219" count="0" type="stmt"/>
          <line num="227" count="1" type="stmt"/>
          <line num="228" count="0" type="stmt"/>
          <line num="230" count="0" type="stmt"/>
          <line num="238" count="1" type="stmt"/>
          <line num="239" count="0" type="stmt"/>
          <line num="241" count="0" type="stmt"/>
          <line num="250" count="1" type="stmt"/>
          <line num="251" count="1" type="stmt"/>
          <line num="253" count="0" type="stmt"/>
          <line num="261" count="1" type="stmt"/>
          <line num="262" count="1" type="stmt"/>
          <line num="264" count="0" type="stmt"/>
        </file>
      </package>
      <package name="data">
        <metrics statements="4" coveredstatements="4" conditionals="0" coveredconditionals="0" methods="0" coveredmethods="0"/>
        <file name="image.js" path="/Users/luantran/Documents/FEC/image-module/image-module/data/image.js">
          <metrics statements="3" coveredstatements="3" conditionals="0" coveredconditionals="0" methods="0" coveredmethods="0"/>
          <line num="1" count="2" type="stmt"/>
          <line num="3" count="2" type="stmt"/>
          <line num="4" count="40" type="stmt"/>
        </file>
        <file name="image2.js" path="/Users/luantran/Documents/FEC/image-module/image-module/data/image2.js">
          <metrics statements="1" coveredstatements="1" conditionals="0" coveredconditionals="0" methods="0" coveredmethods="0"/>
          <line num="1" count="1" type="stmt"/>
        </file>
      </package>
    </metrics>
  </project>
</coverage>
