<?xml version="1.0" encoding="UTF-8"?>
<coverage generated="1541194130934" clover="3.2.0">
  <project timestamp="1541194130934" name="All files">
    <metrics statements="114" coveredstatements="99" conditionals="22" coveredconditionals="15" methods="42" coveredmethods="29" elements="178" coveredelements="143" complexity="0" loc="114" ncloc="114" packages="2" files="4" classes="4">
      <package name="client">
        <metrics statements="110" coveredstatements="95" conditionals="22" coveredconditionals="15" methods="42" coveredmethods="29"/>
        <file name="gallery.jsx" path="/Users/luantran/Documents/FEC/image-module/image-module/client/gallery.jsx">
          <metrics statements="68" coveredstatements="58" conditionals="20" coveredconditionals="13" methods="21" coveredmethods="13"/>
          <line num="8" count="2" type="stmt"/>
          <line num="10" count="2" type="stmt"/>
          <line num="23" count="2" type="stmt"/>
          <line num="29" count="0" type="stmt"/>
          <line num="31" count="0" type="stmt"/>
          <line num="37" count="2" type="stmt"/>
          <line num="47" count="0" type="cond" truecount="0" falsecount="2"/>
          <line num="49" count="2" type="stmt"/>
          <line num="61" count="2" type="stmt"/>
          <line num="68" count="0" type="cond" truecount="0" falsecount="2"/>
          <line num="71" count="2" type="stmt"/>
          <line num="76" count="2" type="stmt"/>
          <line num="85" count="2" type="stmt"/>
          <line num="92" count="9" type="stmt"/>
          <line num="93" count="9" type="stmt"/>
          <line num="102" count="9" type="stmt"/>
          <line num="103" count="9" type="stmt"/>
          <line num="104" count="9" type="stmt"/>
          <line num="105" count="9" type="stmt"/>
          <line num="106" count="9" type="stmt"/>
          <line num="107" count="9" type="stmt"/>
          <line num="111" count="9" type="stmt"/>
          <line num="113" count="0" type="stmt"/>
          <line num="114" count="0" type="stmt"/>
          <line num="121" count="0" type="stmt"/>
          <line num="122" count="0" type="stmt"/>
          <line num="127" count="11" type="stmt"/>
          <line num="128" count="11" type="stmt"/>
          <line num="129" count="11" type="stmt"/>
          <line num="138" count="5" type="stmt"/>
          <line num="139" count="5" type="stmt"/>
          <line num="141" count="5" type="cond" truecount="4" falsecount="0"/>
          <line num="142" count="3" type="stmt"/>
          <line num="143" count="2" type="cond" truecount="1" falsecount="1"/>
          <line num="144" count="2" type="stmt"/>
          <line num="147" count="5" type="stmt"/>
          <line num="154" count="5" type="stmt"/>
          <line num="158" count="5" type="stmt"/>
          <line num="159" count="5" type="stmt"/>
          <line num="161" count="5" type="cond" truecount="2" falsecount="0"/>
          <line num="162" count="2" type="cond" truecount="1" falsecount="1"/>
          <line num="163" count="2" type="stmt"/>
          <line num="165" count="3" type="cond" truecount="1" falsecount="1"/>
          <line num="166" count="3" type="cond" truecount="2" falsecount="0"/>
          <line num="167" count="2" type="stmt"/>
          <line num="171" count="5" type="stmt"/>
          <line num="172" count="5" type="stmt"/>
          <line num="176" count="30" type="stmt"/>
          <line num="177" count="30" type="stmt"/>
          <line num="178" count="30" type="stmt"/>
          <line num="180" count="560" type="stmt"/>
          <line num="183" count="0" type="stmt"/>
          <line num="190" count="560" type="stmt"/>
          <line num="193" count="30" type="stmt"/>
          <line num="197" count="29" type="stmt"/>
          <line num="198" count="29" type="stmt"/>
          <line num="200" count="29" type="stmt"/>
          <line num="204" count="2" type="stmt"/>
          <line num="205" count="2" type="stmt"/>
          <line num="213" count="29" type="stmt"/>
          <line num="214" count="29" type="stmt"/>
          <line num="216" count="29" type="stmt"/>
          <line num="220" count="0" type="stmt"/>
          <line num="226" count="2" type="stmt"/>
          <line num="232" count="3" type="stmt"/>
          <line num="247" count="1" type="stmt"/>
          <line num="263" count="2" type="stmt"/>
          <line num="268" count="2" type="stmt"/>
        </file>
        <file name="imageCollage.jsx" path="/Users/luantran/Documents/FEC/image-module/image-module/client/imageCollage.jsx">
          <metrics statements="42" coveredstatements="37" conditionals="2" coveredconditionals="2" methods="21" coveredmethods="16"/>
          <line num="8" count="1" type="stmt"/>
          <line num="10" count="1" type="stmt"/>
          <line num="75" count="38" type="stmt"/>
          <line num="86" count="38" type="stmt"/>
          <line num="90" count="38" type="stmt"/>
          <line num="94" count="38" type="stmt"/>
          <line num="99" count="38" type="stmt"/>
          <line num="141" count="8" type="stmt"/>
          <line num="143" count="8" type="stmt"/>
          <line num="154" count="8" type="stmt"/>
          <line num="155" count="8" type="stmt"/>
          <line num="156" count="8" type="stmt"/>
          <line num="160" count="8" type="stmt"/>
          <line num="162" count="0" type="stmt"/>
          <line num="163" count="0" type="stmt"/>
          <line num="172" count="5" type="stmt"/>
          <line num="174" count="5" type="stmt"/>
          <line num="175" count="25" type="cond" truecount="2" falsecount="0"/>
          <line num="176" count="5" type="stmt"/>
          <line num="178" count="20" type="stmt"/>
          <line num="182" count="5" type="stmt"/>
          <line num="190" count="3" type="stmt"/>
          <line num="192" count="3" type="stmt"/>
          <line num="193" count="15" type="stmt"/>
          <line num="196" count="3" type="stmt"/>
          <line num="204" count="19" type="stmt"/>
          <line num="205" count="19" type="stmt"/>
          <line num="206" count="19" type="stmt"/>
          <line num="209" count="19" type="stmt"/>
          <line num="211" count="76" type="stmt"/>
          <line num="215" count="4" type="stmt"/>
          <line num="216" count="2" type="stmt"/>
          <line num="217" count="0" type="stmt"/>
          <line num="223" count="76" type="stmt"/>
          <line num="227" count="19" type="stmt"/>
          <line num="231" count="19" type="stmt"/>
          <line num="232" count="19" type="stmt"/>
          <line num="244" count="1" type="stmt"/>
          <line num="245" count="0" type="stmt"/>
          <line num="246" count="0" type="stmt"/>
          <line num="261" count="1" type="stmt"/>
          <line num="265" count="1" type="stmt"/>
        </file>
      </package>
      <package name="data">
        <metrics statements="4" coveredstatements="4" conditionals="0" coveredconditionals="0" methods="0" coveredmethods="0"/>
        <file name="image.js" path="/Users/luantran/Documents/FEC/image-module/image-module/data/image.js">
          <metrics statements="3" coveredstatements="3" conditionals="0" coveredconditionals="0" methods="0" coveredmethods="0"/>
          <line num="1" count="2" type="stmt"/>
          <line num="3" count="2" type="stmt"/>
          <line num="4" count="40" type="stmt"/>
        </file>
        <file name="image2.js" path="/Users/luantran/Documents/FEC/image-module/image-module/data/image2.js">
          <metrics statements="1" coveredstatements="1" conditionals="0" coveredconditionals="0" methods="0" coveredmethods="0"/>
          <line num="1" count="1" type="stmt"/>
        </file>
      </package>
    </metrics>
  </project>
</coverage>
