{"/Users/luantran/Documents/FEC/image-module/image-module/client/gallery.jsx": {"path":"/Users/luantran/Documents/FEC/image-module/image-module/client/gallery.jsx","statementMap":{"0":{"start":{"line":8,"column":18},"end":{"line":8,"column":56}},"1":{"start":{"line":10,"column":14},"end":{"line":21,"column":1}},"2":{"start":{"line":23,"column":15},"end":{"line":29,"column":1}},"3":{"start":{"line":28,"column":28},"end":{"line":28,"column":41}},"4":{"start":{"line":31,"column":18},"end":{"line":41,"column":1}},"5":{"start":{"line":40,"column":7},"end":{"line":40,"column":41}},"6":{"start":{"line":42,"column":16},"end":{"line":51,"column":1}},"7":{"start":{"line":53,"column":18},"end":{"line":61,"column":1}},"8":{"start":{"line":59,"column":7},"end":{"line":59,"column":60}},"9":{"start":{"line":66,"column":4},"end":{"line":66,"column":17}},"10":{"start":{"line":67,"column":4},"end":{"line":74,"column":6}},"11":{"start":{"line":76,"column":4},"end":{"line":76,"column":42}},"12":{"start":{"line":77,"column":4},"end":{"line":77,"column":61}},"13":{"start":{"line":78,"column":4},"end":{"line":78,"column":59}},"14":{"start":{"line":79,"column":4},"end":{"line":79,"column":71}},"15":{"start":{"line":80,"column":4},"end":{"line":80,"column":61}},"16":{"start":{"line":81,"column":4},"end":{"line":81,"column":67}},"17":{"start":{"line":82,"column":4},"end":{"line":82,"column":49}},"18":{"start":{"line":87,"column":4},"end":{"line":100,"column":9}},"19":{"start":{"line":89,"column":26},"end":{"line":89,"column":40}},"20":{"start":{"line":90,"column":8},"end":{"line":90,"column":31}},"21":{"start":{"line":91,"column":8},"end":{"line":96,"column":10}},"22":{"start":{"line":97,"column":31},"end":{"line":97,"column":41}},"23":{"start":{"line":98,"column":8},"end":{"line":98,"column":61}},"24":{"start":{"line":99,"column":8},"end":{"line":99,"column":36}},"25":{"start":{"line":104,"column":23},"end":{"line":104,"column":33}},"26":{"start":{"line":105,"column":4},"end":{"line":105,"column":24}},"27":{"start":{"line":106,"column":27},"end":{"line":106,"column":46}},"28":{"start":{"line":107,"column":16},"end":{"line":107,"column":34}},"29":{"start":{"line":108,"column":4},"end":{"line":108,"column":90}},"30":{"start":{"line":109,"column":4},"end":{"line":109,"column":25}},"31":{"start":{"line":114,"column":54},"end":{"line":114,"column":64}},"32":{"start":{"line":115,"column":24},"end":{"line":115,"column":35}},"33":{"start":{"line":116,"column":4},"end":{"line":118,"column":5}},"34":{"start":{"line":117,"column":6},"end":{"line":117,"column":49}},"35":{"start":{"line":120,"column":4},"end":{"line":120,"column":36}},"36":{"start":{"line":122,"column":4},"end":{"line":126,"column":5}},"37":{"start":{"line":123,"column":6},"end":{"line":123,"column":47}},"38":{"start":{"line":124,"column":11},"end":{"line":126,"column":5}},"39":{"start":{"line":125,"column":6},"end":{"line":125,"column":24}},"40":{"start":{"line":128,"column":4},"end":{"line":134,"column":6}},"41":{"start":{"line":136,"column":4},"end":{"line":136,"column":23}},"42":{"start":{"line":140,"column":16},"end":{"line":140,"column":26}},"43":{"start":{"line":141,"column":23},"end":{"line":141,"column":33}},"44":{"start":{"line":143,"column":4},"end":{"line":143,"column":24}},"45":{"start":{"line":144,"column":17},"end":{"line":144,"column":18}},"46":{"start":{"line":145,"column":4},"end":{"line":153,"column":5}},"47":{"start":{"line":146,"column":6},"end":{"line":148,"column":7}},"48":{"start":{"line":147,"column":8},"end":{"line":147,"column":15}},"49":{"start":{"line":149,"column":11},"end":{"line":153,"column":5}},"50":{"start":{"line":150,"column":6},"end":{"line":152,"column":7}},"51":{"start":{"line":151,"column":8},"end":{"line":151,"column":15}},"52":{"start":{"line":154,"column":18},"end":{"line":154,"column":20}},"53":{"start":{"line":155,"column":4},"end":{"line":155,"column":35}},"54":{"start":{"line":156,"column":4},"end":{"line":156,"column":59}},"55":{"start":{"line":157,"column":4},"end":{"line":157,"column":36}},"56":{"start":{"line":158,"column":4},"end":{"line":158,"column":23}},"57":{"start":{"line":163,"column":4},"end":{"line":163,"column":36}},"58":{"start":{"line":167,"column":28},"end":{"line":167,"column":38}},"59":{"start":{"line":169,"column":4},"end":{"line":171,"column":5}},"60":{"start":{"line":170,"column":6},"end":{"line":170,"column":40}},"61":{"start":{"line":175,"column":36},"end":{"line":175,"column":46}},"62":{"start":{"line":176,"column":23},"end":{"line":176,"column":25}},"63":{"start":{"line":177,"column":4},"end":{"line":192,"column":7}},"64":{"start":{"line":179,"column":8},"end":{"line":188,"column":17}},"65":{"start":{"line":182,"column":31},"end":{"line":182,"column":62}},"66":{"start":{"line":183,"column":31},"end":{"line":183,"column":62}},"67":{"start":{"line":184,"column":26},"end":{"line":184,"column":62}},"68":{"start":{"line":191,"column":6},"end":{"line":191,"column":27}},"69":{"start":{"line":194,"column":4},"end":{"line":194,"column":22}},"70":{"start":{"line":198,"column":26},"end":{"line":198,"column":36}},"71":{"start":{"line":199,"column":4},"end":{"line":199,"column":31}},"72":{"start":{"line":200,"column":22},"end":{"line":200,"column":35}},"73":{"start":{"line":201,"column":4},"end":{"line":201,"column":27}},"74":{"start":{"line":203,"column":4},"end":{"line":203,"column":65}},"75":{"start":{"line":207,"column":30},"end":{"line":207,"column":40}},"76":{"start":{"line":209,"column":4},"end":{"line":209,"column":53}},"77":{"start":{"line":213,"column":28},"end":{"line":213,"column":38}},"78":{"start":{"line":214,"column":30},"end":{"line":214,"column":40}},"79":{"start":{"line":216,"column":4},"end":{"line":258,"column":6}},"80":{"start":{"line":219,"column":40},"end":{"line":219,"column":67}},"81":{"start":{"line":225,"column":44},"end":{"line":225,"column":72}},"82":{"start":{"line":231,"column":45},"end":{"line":231,"column":74}},"83":{"start":{"line":244,"column":57},"end":{"line":244,"column":83}},"84":{"start":{"line":262,"column":0},"end":{"line":265,"column":2}}},"fnMap":{"0":{"name":"(anonymous_0)","decl":{"start":{"line":28,"column":23},"end":{"line":28,"column":24}},"loc":{"start":{"line":28,"column":28},"end":{"line":28,"column":41}},"line":28},"1":{"name":"(anonymous_1)","decl":{"start":{"line":40,"column":2},"end":{"line":40,"column":3}},"loc":{"start":{"line":40,"column":7},"end":{"line":40,"column":41}},"line":40},"2":{"name":"(anonymous_2)","decl":{"start":{"line":59,"column":2},"end":{"line":59,"column":3}},"loc":{"start":{"line":59,"column":7},"end":{"line":59,"column":60}},"line":59},"3":{"name":"(anonymous_3)","decl":{"start":{"line":65,"column":2},"end":{"line":65,"column":3}},"loc":{"start":{"line":65,"column":21},"end":{"line":84,"column":3}},"line":65},"4":{"name":"(anonymous_4)","decl":{"start":{"line":86,"column":2},"end":{"line":86,"column":3}},"loc":{"start":{"line":86,"column":22},"end":{"line":101,"column":3}},"line":86},"5":{"name":"(anonymous_5)","decl":{"start":{"line":88,"column":12},"end":{"line":88,"column":13}},"loc":{"start":{"line":88,"column":26},"end":{"line":100,"column":7}},"line":88},"6":{"name":"(anonymous_6)","decl":{"start":{"line":103,"column":2},"end":{"line":103,"column":3}},"loc":{"start":{"line":103,"column":16},"end":{"line":110,"column":3}},"line":103},"7":{"name":"(anonymous_7)","decl":{"start":{"line":113,"column":2},"end":{"line":113,"column":3}},"loc":{"start":{"line":113,"column":30},"end":{"line":137,"column":3}},"line":113},"8":{"name":"(anonymous_8)","decl":{"start":{"line":139,"column":2},"end":{"line":139,"column":3}},"loc":{"start":{"line":139,"column":29},"end":{"line":160,"column":3}},"line":139},"9":{"name":"(anonymous_9)","decl":{"start":{"line":162,"column":2},"end":{"line":162,"column":3}},"loc":{"start":{"line":162,"column":27},"end":{"line":164,"column":3}},"line":162},"10":{"name":"(anonymous_10)","decl":{"start":{"line":166,"column":2},"end":{"line":166,"column":3}},"loc":{"start":{"line":166,"column":27},"end":{"line":172,"column":3}},"line":166},"11":{"name":"(anonymous_11)","decl":{"start":{"line":174,"column":2},"end":{"line":174,"column":3}},"loc":{"start":{"line":174,"column":26},"end":{"line":195,"column":3}},"line":174},"12":{"name":"(anonymous_12)","decl":{"start":{"line":177,"column":19},"end":{"line":177,"column":20}},"loc":{"start":{"line":177,"column":35},"end":{"line":192,"column":5}},"line":177},"13":{"name":"(anonymous_13)","decl":{"start":{"line":182,"column":26},"end":{"line":182,"column":27}},"loc":{"start":{"line":182,"column":31},"end":{"line":182,"column":62}},"line":182},"14":{"name":"(anonymous_14)","decl":{"start":{"line":183,"column":26},"end":{"line":183,"column":27}},"loc":{"start":{"line":183,"column":31},"end":{"line":183,"column":62}},"line":183},"15":{"name":"(anonymous_15)","decl":{"start":{"line":184,"column":21},"end":{"line":184,"column":22}},"loc":{"start":{"line":184,"column":26},"end":{"line":184,"column":62}},"line":184},"16":{"name":"(anonymous_16)","decl":{"start":{"line":197,"column":2},"end":{"line":197,"column":3}},"loc":{"start":{"line":197,"column":21},"end":{"line":204,"column":3}},"line":197},"17":{"name":"(anonymous_17)","decl":{"start":{"line":206,"column":2},"end":{"line":206,"column":3}},"loc":{"start":{"line":206,"column":24},"end":{"line":210,"column":3}},"line":206},"18":{"name":"(anonymous_18)","decl":{"start":{"line":212,"column":2},"end":{"line":212,"column":3}},"loc":{"start":{"line":212,"column":11},"end":{"line":259,"column":3}},"line":212},"19":{"name":"(anonymous_19)","decl":{"start":{"line":219,"column":34},"end":{"line":219,"column":35}},"loc":{"start":{"line":219,"column":40},"end":{"line":219,"column":67}},"line":219},"20":{"name":"(anonymous_20)","decl":{"start":{"line":225,"column":38},"end":{"line":225,"column":39}},"loc":{"start":{"line":225,"column":44},"end":{"line":225,"column":72}},"line":225},"21":{"name":"(anonymous_21)","decl":{"start":{"line":231,"column":39},"end":{"line":231,"column":40}},"loc":{"start":{"line":231,"column":45},"end":{"line":231,"column":74}},"line":231},"22":{"name":"(anonymous_22)","decl":{"start":{"line":244,"column":51},"end":{"line":244,"column":52}},"loc":{"start":{"line":244,"column":57},"end":{"line":244,"column":83}},"line":244}},"branchMap":{"0":{"loc":{"start":{"line":40,"column":7},"end":{"line":40,"column":41}},"type":"binary-expr","locations":[{"start":{"line":40,"column":7},"end":{"line":40,"column":23}},{"start":{"line":40,"column":27},"end":{"line":40,"column":41}}],"line":40},"1":{"loc":{"start":{"line":59,"column":7},"end":{"line":59,"column":60}},"type":"binary-expr","locations":[{"start":{"line":59,"column":7},"end":{"line":59,"column":23}},{"start":{"line":59,"column":27},"end":{"line":59,"column":60}}],"line":59},"2":{"loc":{"start":{"line":116,"column":4},"end":{"line":118,"column":5}},"type":"if","locations":[{"start":{"line":116,"column":4},"end":{"line":118,"column":5}},{"start":{"line":116,"column":4},"end":{"line":118,"column":5}}],"line":116},"3":{"loc":{"start":{"line":122,"column":4},"end":{"line":126,"column":5}},"type":"if","locations":[{"start":{"line":122,"column":4},"end":{"line":126,"column":5}},{"start":{"line":122,"column":4},"end":{"line":126,"column":5}}],"line":122},"4":{"loc":{"start":{"line":122,"column":8},"end":{"line":122,"column":38}},"type":"binary-expr","locations":[{"start":{"line":122,"column":8},"end":{"line":122,"column":29}},{"start":{"line":122,"column":33},"end":{"line":122,"column":38}}],"line":122},"5":{"loc":{"start":{"line":124,"column":11},"end":{"line":126,"column":5}},"type":"if","locations":[{"start":{"line":124,"column":11},"end":{"line":126,"column":5}},{"start":{"line":124,"column":11},"end":{"line":126,"column":5}}],"line":124},"6":{"loc":{"start":{"line":145,"column":4},"end":{"line":153,"column":5}},"type":"if","locations":[{"start":{"line":145,"column":4},"end":{"line":153,"column":5}},{"start":{"line":145,"column":4},"end":{"line":153,"column":5}}],"line":145},"7":{"loc":{"start":{"line":146,"column":6},"end":{"line":148,"column":7}},"type":"if","locations":[{"start":{"line":146,"column":6},"end":{"line":148,"column":7}},{"start":{"line":146,"column":6},"end":{"line":148,"column":7}}],"line":146},"8":{"loc":{"start":{"line":149,"column":11},"end":{"line":153,"column":5}},"type":"if","locations":[{"start":{"line":149,"column":11},"end":{"line":153,"column":5}},{"start":{"line":149,"column":11},"end":{"line":153,"column":5}}],"line":149},"9":{"loc":{"start":{"line":150,"column":6},"end":{"line":152,"column":7}},"type":"if","locations":[{"start":{"line":150,"column":6},"end":{"line":152,"column":7}},{"start":{"line":150,"column":6},"end":{"line":152,"column":7}}],"line":150},"10":{"loc":{"start":{"line":169,"column":4},"end":{"line":171,"column":5}},"type":"if","locations":[{"start":{"line":169,"column":4},"end":{"line":171,"column":5}},{"start":{"line":169,"column":4},"end":{"line":171,"column":5}}],"line":169},"11":{"loc":{"start":{"line":245,"column":16},"end":{"line":245,"column":73}},"type":"cond-expr","locations":[{"start":{"line":245,"column":32},"end":{"line":245,"column":51}},{"start":{"line":245,"column":54},"end":{"line":245,"column":73}}],"line":245}},"s":{"0":2,"1":2,"2":2,"3":0,"4":2,"5":0,"6":2,"7":2,"8":0,"9":7,"10":7,"11":7,"12":7,"13":7,"14":7,"15":7,"16":7,"17":7,"18":7,"19":0,"20":0,"21":0,"22":0,"23":0,"24":0,"25":10,"26":10,"27":10,"28":10,"29":10,"30":10,"31":5,"32":5,"33":5,"34":5,"35":5,"36":5,"37":3,"38":2,"39":2,"40":5,"41":5,"42":5,"43":5,"44":5,"45":5,"46":5,"47":2,"48":2,"49":3,"50":3,"51":2,"52":5,"53":5,"54":5,"55":5,"56":5,"57":0,"58":0,"59":0,"60":0,"61":30,"62":30,"63":30,"64":550,"65":0,"66":0,"67":0,"68":550,"69":30,"70":31,"71":31,"72":30,"73":30,"74":30,"75":1,"76":1,"77":31,"78":31,"79":31,"80":0,"81":2,"82":3,"83":0,"84":2},"f":{"0":0,"1":0,"2":0,"3":7,"4":7,"5":0,"6":10,"7":5,"8":5,"9":0,"10":0,"11":30,"12":550,"13":0,"14":0,"15":0,"16":31,"17":1,"18":31,"19":0,"20":2,"21":3,"22":0},"b":{"0":[0,0],"1":[0,0],"2":[5,0],"3":[3,2],"4":[5,5],"5":[2,0],"6":[2,3],"7":[2,0],"8":[3,0],"9":[2,1],"10":[0,0],"11":[29,1]},"_coverageSchema":"332fd63041d2c1bcb487cc26dd0d5f7d97098a6c","hash":"23816d2fee1673f8ab3ca7f2bc5d6851f3313481"}
,"/Users/luantran/Documents/FEC/image-module/image-module/client/imageCollage.jsx": {"path":"/Users/luantran/Documents/FEC/image-module/image-module/client/imageCollage.jsx","statementMap":{"0":{"start":{"line":6,"column":18},"end":{"line":6,"column":56}},"1":{"start":{"line":9,"column":16},"end":{"line":87,"column":1}},"2":{"start":{"line":94,"column":4},"end":{"line":94,"column":17}},"3":{"start":{"line":96,"column":4},"end":{"line":99,"column":6}},"4":{"start":{"line":101,"column":4},"end":{"line":101,"column":55}},"5":{"start":{"line":105,"column":4},"end":{"line":111,"column":9}},"6":{"start":{"line":107,"column":26},"end":{"line":107,"column":40}},"7":{"start":{"line":108,"column":8},"end":{"line":108,"column":31}},"8":{"start":{"line":109,"column":8},"end":{"line":109,"column":45}},"9":{"start":{"line":110,"column":8},"end":{"line":110,"column":29}},"10":{"start":{"line":118,"column":17},"end":{"line":118,"column":25}},"11":{"start":{"line":119,"column":23},"end":{"line":119,"column":43}},"12":{"start":{"line":120,"column":25},"end":{"line":120,"column":27}},"13":{"start":{"line":122,"column":4},"end":{"line":133,"column":7}},"14":{"start":{"line":123,"column":31},"end":{"line":123,"column":53}},"15":{"start":{"line":126,"column":6},"end":{"line":132,"column":7}},"16":{"start":{"line":127,"column":8},"end":{"line":127,"column":68}},"17":{"start":{"line":128,"column":8},"end":{"line":128,"column":36}},"18":{"start":{"line":129,"column":8},"end":{"line":131,"column":9}},"19":{"start":{"line":130,"column":10},"end":{"line":130,"column":51}},"20":{"start":{"line":135,"column":4},"end":{"line":139,"column":7}},"21":{"start":{"line":136,"column":6},"end":{"line":138,"column":7}},"22":{"start":{"line":137,"column":8},"end":{"line":137,"column":53}},"23":{"start":{"line":141,"column":4},"end":{"line":141,"column":42}},"24":{"start":{"line":149,"column":23},"end":{"line":149,"column":33}},"25":{"start":{"line":151,"column":4},"end":{"line":161,"column":6}},"26":{"start":{"line":154,"column":55},"end":{"line":154,"column":91}},"27":{"start":{"line":155,"column":55},"end":{"line":155,"column":91}},"28":{"start":{"line":156,"column":55},"end":{"line":156,"column":91}},"29":{"start":{"line":157,"column":55},"end":{"line":157,"column":91}},"30":{"start":{"line":158,"column":55},"end":{"line":158,"column":91}}},"fnMap":{"0":{"name":"(anonymous_0)","decl":{"start":{"line":93,"column":2},"end":{"line":93,"column":3}},"loc":{"start":{"line":93,"column":21},"end":{"line":102,"column":3}},"line":93},"1":{"name":"(anonymous_1)","decl":{"start":{"line":104,"column":2},"end":{"line":104,"column":3}},"loc":{"start":{"line":104,"column":22},"end":{"line":112,"column":3}},"line":104},"2":{"name":"(anonymous_2)","decl":{"start":{"line":106,"column":12},"end":{"line":106,"column":13}},"loc":{"start":{"line":106,"column":26},"end":{"line":111,"column":7}},"line":106},"3":{"name":"(anonymous_3)","decl":{"start":{"line":114,"column":2},"end":{"line":114,"column":3}},"loc":{"start":{"line":114,"column":18},"end":{"line":142,"column":3}},"line":114},"4":{"name":"(anonymous_4)","decl":{"start":{"line":122,"column":26},"end":{"line":122,"column":27}},"loc":{"start":{"line":122,"column":37},"end":{"line":133,"column":5}},"line":122},"5":{"name":"(anonymous_5)","decl":{"start":{"line":135,"column":26},"end":{"line":135,"column":27}},"loc":{"start":{"line":135,"column":32},"end":{"line":139,"column":5}},"line":135},"6":{"name":"(anonymous_6)","decl":{"start":{"line":148,"column":2},"end":{"line":148,"column":3}},"loc":{"start":{"line":148,"column":11},"end":{"line":162,"column":3}},"line":148},"7":{"name":"(anonymous_7)","decl":{"start":{"line":154,"column":49},"end":{"line":154,"column":50}},"loc":{"start":{"line":154,"column":55},"end":{"line":154,"column":91}},"line":154},"8":{"name":"(anonymous_8)","decl":{"start":{"line":155,"column":49},"end":{"line":155,"column":50}},"loc":{"start":{"line":155,"column":55},"end":{"line":155,"column":91}},"line":155},"9":{"name":"(anonymous_9)","decl":{"start":{"line":156,"column":49},"end":{"line":156,"column":50}},"loc":{"start":{"line":156,"column":55},"end":{"line":156,"column":91}},"line":156},"10":{"name":"(anonymous_10)","decl":{"start":{"line":157,"column":49},"end":{"line":157,"column":50}},"loc":{"start":{"line":157,"column":55},"end":{"line":157,"column":91}},"line":157},"11":{"name":"(anonymous_11)","decl":{"start":{"line":158,"column":49},"end":{"line":158,"column":50}},"loc":{"start":{"line":158,"column":55},"end":{"line":158,"column":91}},"line":158}},"branchMap":{"0":{"loc":{"start":{"line":129,"column":8},"end":{"line":131,"column":9}},"type":"if","locations":[{"start":{"line":129,"column":8},"end":{"line":131,"column":9}},{"start":{"line":129,"column":8},"end":{"line":131,"column":9}}],"line":129}},"s":{"0":1,"1":1,"2":5,"3":5,"4":5,"5":5,"6":0,"7":0,"8":0,"9":0,"10":1,"11":1,"12":1,"13":1,"14":0,"15":0,"16":0,"17":0,"18":0,"19":0,"20":1,"21":0,"22":0,"23":1,"24":6,"25":6,"26":0,"27":0,"28":0,"29":0,"30":0},"f":{"0":5,"1":5,"2":0,"3":1,"4":0,"5":0,"6":6,"7":0,"8":0,"9":0,"10":0,"11":0},"b":{"0":[0,0]},"_coverageSchema":"332fd63041d2c1bcb487cc26dd0d5f7d97098a6c","hash":"f97d1fe867aa7a04857866d9040562e68b354d20"}
,"/Users/luantran/Documents/FEC/image-module/image-module/data/image.js": {"path":"/Users/luantran/Documents/FEC/image-module/image-module/data/image.js","statementMap":{"0":{"start":{"line":1,"column":17},"end":{"line":1,"column":19}},"1":{"start":{"line":3,"column":0},"end":{"line":5,"column":1}},"2":{"start":{"line":4,"column":1},"end":{"line":4,"column":104}}},"fnMap":{},"branchMap":{},"s":{"0":2,"1":2,"2":40},"f":{},"b":{},"_coverageSchema":"332fd63041d2c1bcb487cc26dd0d5f7d97098a6c","hash":"5850bdf7c61d67465a2a91adaa7098924231634b"}
,"/Users/luantran/Documents/FEC/image-module/image-module/data/image2.js": {"path":"/Users/luantran/Documents/FEC/image-module/image-module/data/image2.js","statementMap":{"0":{"start":{"line":1,"column":17},"end":{"line":179,"column":1}}},"fnMap":{},"branchMap":{},"s":{"0":1},"f":{},"b":{},"_coverageSchema":"332fd63041d2c1bcb487cc26dd0d5f7d97098a6c","hash":"8d658143bd878ed706404006994e8a90b2e11ac6"}
}
