{"/Users/luantran/Documents/FEC/image-module/image-module/client/gallery.jsx": {"path":"/Users/luantran/Documents/FEC/image-module/image-module/client/gallery.jsx","statementMap":{"0":{"start":{"line":8,"column":18},"end":{"line":8,"column":56}},"1":{"start":{"line":10,"column":14},"end":{"line":21,"column":1}},"2":{"start":{"line":23,"column":15},"end":{"line":35,"column":1}},"3":{"start":{"line":29,"column":28},"end":{"line":29,"column":41}},"4":{"start":{"line":37,"column":18},"end":{"line":48,"column":1}},"5":{"start":{"line":47,"column":7},"end":{"line":47,"column":41}},"6":{"start":{"line":49,"column":16},"end":{"line":59,"column":1}},"7":{"start":{"line":61,"column":18},"end":{"line":69,"column":1}},"8":{"start":{"line":68,"column":7},"end":{"line":68,"column":60}},"9":{"start":{"line":71,"column":14},"end":{"line":74,"column":1}},"10":{"start":{"line":76,"column":19},"end":{"line":83,"column":1}},"11":{"start":{"line":87,"column":4},"end":{"line":87,"column":17}},"12":{"start":{"line":88,"column":4},"end":{"line":95,"column":6}},"13":{"start":{"line":97,"column":4},"end":{"line":97,"column":42}},"14":{"start":{"line":98,"column":4},"end":{"line":98,"column":61}},"15":{"start":{"line":99,"column":4},"end":{"line":99,"column":59}},"16":{"start":{"line":100,"column":4},"end":{"line":100,"column":71}},"17":{"start":{"line":101,"column":4},"end":{"line":101,"column":61}},"18":{"start":{"line":102,"column":4},"end":{"line":102,"column":67}},"19":{"start":{"line":103,"column":4},"end":{"line":103,"column":49}},"20":{"start":{"line":107,"column":4},"end":{"line":122,"column":9}},"21":{"start":{"line":109,"column":26},"end":{"line":109,"column":40}},"22":{"start":{"line":110,"column":8},"end":{"line":115,"column":10}},"23":{"start":{"line":117,"column":32},"end":{"line":117,"column":42}},"24":{"start":{"line":118,"column":22},"end":{"line":118,"column":32}},"25":{"start":{"line":120,"column":8},"end":{"line":120,"column":39}},"26":{"start":{"line":121,"column":8},"end":{"line":121,"column":27}},"27":{"start":{"line":126,"column":23},"end":{"line":126,"column":33}},"28":{"start":{"line":127,"column":27},"end":{"line":127,"column":46}},"29":{"start":{"line":128,"column":16},"end":{"line":128,"column":34}},"30":{"start":{"line":129,"column":4},"end":{"line":129,"column":90}},"31":{"start":{"line":130,"column":4},"end":{"line":134,"column":6}},"32":{"start":{"line":138,"column":41},"end":{"line":138,"column":51}},"33":{"start":{"line":139,"column":26},"end":{"line":139,"column":36}},"34":{"start":{"line":141,"column":4},"end":{"line":144,"column":5}},"35":{"start":{"line":142,"column":6},"end":{"line":142,"column":42}},"36":{"start":{"line":143,"column":6},"end":{"line":143,"column":40}},"37":{"start":{"line":146,"column":24},"end":{"line":146,"column":35}},"38":{"start":{"line":148,"column":4},"end":{"line":148,"column":33}},"39":{"start":{"line":149,"column":4},"end":{"line":149,"column":28}},"40":{"start":{"line":151,"column":4},"end":{"line":155,"column":5}},"41":{"start":{"line":152,"column":6},"end":{"line":152,"column":47}},"42":{"start":{"line":153,"column":11},"end":{"line":155,"column":5}},"43":{"start":{"line":154,"column":6},"end":{"line":154,"column":24}},"44":{"start":{"line":157,"column":4},"end":{"line":163,"column":6}},"45":{"start":{"line":165,"column":4},"end":{"line":165,"column":23}},"46":{"start":{"line":169,"column":16},"end":{"line":169,"column":26}},"47":{"start":{"line":170,"column":23},"end":{"line":170,"column":33}},"48":{"start":{"line":172,"column":17},"end":{"line":172,"column":18}},"49":{"start":{"line":173,"column":4},"end":{"line":181,"column":5}},"50":{"start":{"line":174,"column":6},"end":{"line":176,"column":7}},"51":{"start":{"line":175,"column":8},"end":{"line":175,"column":15}},"52":{"start":{"line":177,"column":11},"end":{"line":181,"column":5}},"53":{"start":{"line":178,"column":6},"end":{"line":180,"column":7}},"54":{"start":{"line":179,"column":8},"end":{"line":179,"column":15}},"55":{"start":{"line":182,"column":18},"end":{"line":182,"column":20}},"56":{"start":{"line":183,"column":4},"end":{"line":183,"column":35}},"57":{"start":{"line":184,"column":4},"end":{"line":188,"column":6}},"58":{"start":{"line":189,"column":4},"end":{"line":189,"column":36}},"59":{"start":{"line":190,"column":4},"end":{"line":190,"column":23}},"60":{"start":{"line":194,"column":36},"end":{"line":194,"column":46}},"61":{"start":{"line":195,"column":23},"end":{"line":195,"column":25}},"62":{"start":{"line":196,"column":4},"end":{"line":209,"column":7}},"63":{"start":{"line":198,"column":8},"end":{"line":205,"column":17}},"64":{"start":{"line":201,"column":26},"end":{"line":201,"column":62}},"65":{"start":{"line":208,"column":6},"end":{"line":208,"column":27}},"66":{"start":{"line":211,"column":4},"end":{"line":211,"column":22}},"67":{"start":{"line":215,"column":26},"end":{"line":215,"column":36}},"68":{"start":{"line":216,"column":22},"end":{"line":216,"column":35}},"69":{"start":{"line":218,"column":4},"end":{"line":218,"column":65}},"70":{"start":{"line":222,"column":30},"end":{"line":222,"column":40}},"71":{"start":{"line":223,"column":4},"end":{"line":227,"column":6}},"72":{"start":{"line":231,"column":28},"end":{"line":231,"column":38}},"73":{"start":{"line":232,"column":30},"end":{"line":232,"column":40}},"74":{"start":{"line":234,"column":4},"end":{"line":272,"column":6}},"75":{"start":{"line":239,"column":40},"end":{"line":239,"column":67}},"76":{"start":{"line":245,"column":44},"end":{"line":245,"column":72}},"77":{"start":{"line":251,"column":45},"end":{"line":251,"column":74}},"78":{"start":{"line":261,"column":57},"end":{"line":261,"column":83}},"79":{"start":{"line":278,"column":0},"end":{"line":282,"column":2}},"80":{"start":{"line":284,"column":0},"end":{"line":289,"column":2}}},"fnMap":{"0":{"name":"(anonymous_0)","decl":{"start":{"line":29,"column":23},"end":{"line":29,"column":24}},"loc":{"start":{"line":29,"column":28},"end":{"line":29,"column":41}},"line":29},"1":{"name":"(anonymous_1)","decl":{"start":{"line":47,"column":2},"end":{"line":47,"column":3}},"loc":{"start":{"line":47,"column":7},"end":{"line":47,"column":41}},"line":47},"2":{"name":"(anonymous_2)","decl":{"start":{"line":68,"column":2},"end":{"line":68,"column":3}},"loc":{"start":{"line":68,"column":7},"end":{"line":68,"column":60}},"line":68},"3":{"name":"(anonymous_3)","decl":{"start":{"line":86,"column":2},"end":{"line":86,"column":3}},"loc":{"start":{"line":86,"column":21},"end":{"line":104,"column":3}},"line":86},"4":{"name":"(anonymous_4)","decl":{"start":{"line":106,"column":2},"end":{"line":106,"column":3}},"loc":{"start":{"line":106,"column":22},"end":{"line":123,"column":3}},"line":106},"5":{"name":"(anonymous_5)","decl":{"start":{"line":108,"column":12},"end":{"line":108,"column":13}},"loc":{"start":{"line":108,"column":26},"end":{"line":122,"column":7}},"line":108},"6":{"name":"(anonymous_6)","decl":{"start":{"line":125,"column":2},"end":{"line":125,"column":3}},"loc":{"start":{"line":125,"column":16},"end":{"line":135,"column":3}},"line":125},"7":{"name":"(anonymous_7)","decl":{"start":{"line":137,"column":2},"end":{"line":137,"column":3}},"loc":{"start":{"line":137,"column":37},"end":{"line":166,"column":3}},"line":137},"8":{"name":"(anonymous_8)","decl":{"start":{"line":168,"column":2},"end":{"line":168,"column":3}},"loc":{"start":{"line":168,"column":29},"end":{"line":191,"column":3}},"line":168},"9":{"name":"(anonymous_9)","decl":{"start":{"line":193,"column":2},"end":{"line":193,"column":3}},"loc":{"start":{"line":193,"column":26},"end":{"line":212,"column":3}},"line":193},"10":{"name":"(anonymous_10)","decl":{"start":{"line":196,"column":19},"end":{"line":196,"column":20}},"loc":{"start":{"line":196,"column":35},"end":{"line":209,"column":5}},"line":196},"11":{"name":"(anonymous_11)","decl":{"start":{"line":201,"column":21},"end":{"line":201,"column":22}},"loc":{"start":{"line":201,"column":26},"end":{"line":201,"column":62}},"line":201},"12":{"name":"(anonymous_12)","decl":{"start":{"line":214,"column":2},"end":{"line":214,"column":3}},"loc":{"start":{"line":214,"column":21},"end":{"line":219,"column":3}},"line":214},"13":{"name":"(anonymous_13)","decl":{"start":{"line":221,"column":2},"end":{"line":221,"column":3}},"loc":{"start":{"line":221,"column":24},"end":{"line":228,"column":3}},"line":221},"14":{"name":"(anonymous_14)","decl":{"start":{"line":230,"column":2},"end":{"line":230,"column":3}},"loc":{"start":{"line":230,"column":11},"end":{"line":275,"column":3}},"line":230},"15":{"name":"(anonymous_15)","decl":{"start":{"line":239,"column":34},"end":{"line":239,"column":35}},"loc":{"start":{"line":239,"column":40},"end":{"line":239,"column":67}},"line":239},"16":{"name":"(anonymous_16)","decl":{"start":{"line":245,"column":38},"end":{"line":245,"column":39}},"loc":{"start":{"line":245,"column":44},"end":{"line":245,"column":72}},"line":245},"17":{"name":"(anonymous_17)","decl":{"start":{"line":251,"column":39},"end":{"line":251,"column":40}},"loc":{"start":{"line":251,"column":45},"end":{"line":251,"column":74}},"line":251},"18":{"name":"(anonymous_18)","decl":{"start":{"line":261,"column":51},"end":{"line":261,"column":52}},"loc":{"start":{"line":261,"column":57},"end":{"line":261,"column":83}},"line":261},"19":{"name":"(anonymous_19)","decl":{"start":{"line":286,"column":15},"end":{"line":286,"column":16}},"loc":{"start":{"line":286,"column":21},"end":{"line":287,"column":3}},"line":286}},"branchMap":{"0":{"loc":{"start":{"line":47,"column":7},"end":{"line":47,"column":41}},"type":"binary-expr","locations":[{"start":{"line":47,"column":7},"end":{"line":47,"column":23}},{"start":{"line":47,"column":27},"end":{"line":47,"column":41}}],"line":47},"1":{"loc":{"start":{"line":68,"column":7},"end":{"line":68,"column":60}},"type":"binary-expr","locations":[{"start":{"line":68,"column":7},"end":{"line":68,"column":23}},{"start":{"line":68,"column":27},"end":{"line":68,"column":60}}],"line":68},"2":{"loc":{"start":{"line":141,"column":4},"end":{"line":144,"column":5}},"type":"if","locations":[{"start":{"line":141,"column":4},"end":{"line":144,"column":5}},{"start":{"line":141,"column":4},"end":{"line":144,"column":5}}],"line":141},"3":{"loc":{"start":{"line":151,"column":4},"end":{"line":155,"column":5}},"type":"if","locations":[{"start":{"line":151,"column":4},"end":{"line":155,"column":5}},{"start":{"line":151,"column":4},"end":{"line":155,"column":5}}],"line":151},"4":{"loc":{"start":{"line":151,"column":8},"end":{"line":151,"column":38}},"type":"binary-expr","locations":[{"start":{"line":151,"column":8},"end":{"line":151,"column":29}},{"start":{"line":151,"column":33},"end":{"line":151,"column":38}}],"line":151},"5":{"loc":{"start":{"line":153,"column":11},"end":{"line":155,"column":5}},"type":"if","locations":[{"start":{"line":153,"column":11},"end":{"line":155,"column":5}},{"start":{"line":153,"column":11},"end":{"line":155,"column":5}}],"line":153},"6":{"loc":{"start":{"line":173,"column":4},"end":{"line":181,"column":5}},"type":"if","locations":[{"start":{"line":173,"column":4},"end":{"line":181,"column":5}},{"start":{"line":173,"column":4},"end":{"line":181,"column":5}}],"line":173},"7":{"loc":{"start":{"line":174,"column":6},"end":{"line":176,"column":7}},"type":"if","locations":[{"start":{"line":174,"column":6},"end":{"line":176,"column":7}},{"start":{"line":174,"column":6},"end":{"line":176,"column":7}}],"line":174},"8":{"loc":{"start":{"line":177,"column":11},"end":{"line":181,"column":5}},"type":"if","locations":[{"start":{"line":177,"column":11},"end":{"line":181,"column":5}},{"start":{"line":177,"column":11},"end":{"line":181,"column":5}}],"line":177},"9":{"loc":{"start":{"line":178,"column":6},"end":{"line":180,"column":7}},"type":"if","locations":[{"start":{"line":178,"column":6},"end":{"line":180,"column":7}},{"start":{"line":178,"column":6},"end":{"line":180,"column":7}}],"line":178},"10":{"loc":{"start":{"line":262,"column":16},"end":{"line":262,"column":73}},"type":"cond-expr","locations":[{"start":{"line":262,"column":32},"end":{"line":262,"column":51}},{"start":{"line":262,"column":54},"end":{"line":262,"column":73}}],"line":262}},"s":{"0":2,"1":2,"2":2,"3":0,"4":2,"5":0,"6":2,"7":2,"8":0,"9":2,"10":2,"11":7,"12":7,"13":7,"14":7,"15":7,"16":7,"17":7,"18":7,"19":7,"20":7,"21":0,"22":0,"23":0,"24":0,"25":0,"26":0,"27":0,"28":0,"29":0,"30":0,"31":0,"32":3,"33":3,"34":3,"35":0,"36":0,"37":3,"38":3,"39":0,"40":0,"41":0,"42":0,"43":0,"44":0,"45":0,"46":3,"47":3,"48":3,"49":3,"50":1,"51":1,"52":2,"53":2,"54":2,"55":3,"56":3,"57":3,"58":3,"59":0,"60":13,"61":13,"62":13,"63":260,"64":0,"65":260,"66":13,"67":13,"68":13,"69":13,"70":2,"71":2,"72":13,"73":13,"74":13,"75":0,"76":1,"77":2,"78":1,"79":2,"80":2},"f":{"0":0,"1":0,"2":0,"3":7,"4":7,"5":0,"6":0,"7":3,"8":3,"9":13,"10":260,"11":0,"12":13,"13":2,"14":13,"15":0,"16":1,"17":2,"18":1,"19":0},"b":{"0":[0,0],"1":[0,0],"2":[0,3],"3":[0,0],"4":[0,0],"5":[0,0],"6":[1,2],"7":[1,0],"8":[2,0],"9":[2,0],"10":[11,2]},"_coverageSchema":"332fd63041d2c1bcb487cc26dd0d5f7d97098a6c","hash":"f535ae242d726f49957e31d5ef3479e7df32209a"}
,"/Users/luantran/Documents/FEC/image-module/image-module/client/imageCollage.jsx": {"path":"/Users/luantran/Documents/FEC/image-module/image-module/client/imageCollage.jsx","statementMap":{"0":{"start":{"line":8,"column":18},"end":{"line":8,"column":56}},"1":{"start":{"line":10,"column":16},"end":{"line":137,"column":1}},"2":{"start":{"line":75,"column":20},"end":{"line":75,"column":38}},"3":{"start":{"line":86,"column":20},"end":{"line":86,"column":41}},"4":{"start":{"line":90,"column":20},"end":{"line":90,"column":41}},"5":{"start":{"line":94,"column":20},"end":{"line":94,"column":41}},"6":{"start":{"line":99,"column":20},"end":{"line":99,"column":41}},"7":{"start":{"line":141,"column":4},"end":{"line":141,"column":17}},"8":{"start":{"line":143,"column":4},"end":{"line":152,"column":6}},"9":{"start":{"line":154,"column":4},"end":{"line":154,"column":51}},"10":{"start":{"line":155,"column":4},"end":{"line":155,"column":61}},"11":{"start":{"line":156,"column":4},"end":{"line":156,"column":55}},"12":{"start":{"line":160,"column":4},"end":{"line":168,"column":9}},"13":{"start":{"line":162,"column":26},"end":{"line":162,"column":40}},"14":{"start":{"line":163,"column":8},"end":{"line":167,"column":10}},"15":{"start":{"line":172,"column":24},"end":{"line":172,"column":34}},"16":{"start":{"line":174,"column":4},"end":{"line":180,"column":7}},"17":{"start":{"line":175,"column":6},"end":{"line":179,"column":7}},"18":{"start":{"line":176,"column":8},"end":{"line":176,"column":32}},"19":{"start":{"line":178,"column":8},"end":{"line":178,"column":34}},"20":{"start":{"line":182,"column":4},"end":{"line":186,"column":6}},"21":{"start":{"line":190,"column":24},"end":{"line":190,"column":34}},"22":{"start":{"line":192,"column":4},"end":{"line":194,"column":7}},"23":{"start":{"line":193,"column":6},"end":{"line":193,"column":30}},"24":{"start":{"line":196,"column":4},"end":{"line":200,"column":6}},"25":{"start":{"line":204,"column":22},"end":{"line":204,"column":24}},"26":{"start":{"line":205,"column":23},"end":{"line":205,"column":33}},"27":{"start":{"line":206,"column":28},"end":{"line":206,"column":38}},"28":{"start":{"line":209,"column":4},"end":{"line":223,"column":5}},"29":{"start":{"line":211,"column":8},"end":{"line":220,"column":14}},"30":{"start":{"line":214,"column":31},"end":{"line":214,"column":57}},"31":{"start":{"line":215,"column":31},"end":{"line":215,"column":55}},"32":{"start":{"line":216,"column":37},"end":{"line":216,"column":70}},"33":{"start":{"line":222,"column":6},"end":{"line":222,"column":26}},"34":{"start":{"line":226,"column":4},"end":{"line":226,"column":21}},"35":{"start":{"line":230,"column":32},"end":{"line":230,"column":42}},"36":{"start":{"line":231,"column":4},"end":{"line":255,"column":6}},"37":{"start":{"line":243,"column":37},"end":{"line":243,"column":63}},"38":{"start":{"line":244,"column":37},"end":{"line":244,"column":61}},"39":{"start":{"line":245,"column":41},"end":{"line":245,"column":85}},"40":{"start":{"line":260,"column":0},"end":{"line":262,"column":2}},"41":{"start":{"line":264,"column":0},"end":{"line":267,"column":2}}},"fnMap":{"0":{"name":"(anonymous_0)","decl":{"start":{"line":75,"column":15},"end":{"line":75,"column":16}},"loc":{"start":{"line":75,"column":20},"end":{"line":75,"column":38}},"line":75},"1":{"name":"(anonymous_1)","decl":{"start":{"line":86,"column":15},"end":{"line":86,"column":16}},"loc":{"start":{"line":86,"column":20},"end":{"line":86,"column":41}},"line":86},"2":{"name":"(anonymous_2)","decl":{"start":{"line":90,"column":15},"end":{"line":90,"column":16}},"loc":{"start":{"line":90,"column":20},"end":{"line":90,"column":41}},"line":90},"3":{"name":"(anonymous_3)","decl":{"start":{"line":94,"column":15},"end":{"line":94,"column":16}},"loc":{"start":{"line":94,"column":20},"end":{"line":94,"column":41}},"line":94},"4":{"name":"(anonymous_4)","decl":{"start":{"line":99,"column":15},"end":{"line":99,"column":16}},"loc":{"start":{"line":99,"column":20},"end":{"line":99,"column":41}},"line":99},"5":{"name":"(anonymous_5)","decl":{"start":{"line":140,"column":2},"end":{"line":140,"column":3}},"loc":{"start":{"line":140,"column":21},"end":{"line":157,"column":3}},"line":140},"6":{"name":"(anonymous_6)","decl":{"start":{"line":159,"column":2},"end":{"line":159,"column":3}},"loc":{"start":{"line":159,"column":22},"end":{"line":169,"column":3}},"line":159},"7":{"name":"(anonymous_7)","decl":{"start":{"line":161,"column":12},"end":{"line":161,"column":13}},"loc":{"start":{"line":161,"column":26},"end":{"line":168,"column":7}},"line":161},"8":{"name":"(anonymous_8)","decl":{"start":{"line":171,"column":2},"end":{"line":171,"column":3}},"loc":{"start":{"line":171,"column":29},"end":{"line":187,"column":3}},"line":171},"9":{"name":"(anonymous_9)","decl":{"start":{"line":174,"column":33},"end":{"line":174,"column":34}},"loc":{"start":{"line":174,"column":49},"end":{"line":180,"column":5}},"line":174},"10":{"name":"(anonymous_10)","decl":{"start":{"line":189,"column":2},"end":{"line":189,"column":3}},"loc":{"start":{"line":189,"column":21},"end":{"line":201,"column":3}},"line":189},"11":{"name":"(anonymous_11)","decl":{"start":{"line":192,"column":33},"end":{"line":192,"column":34}},"loc":{"start":{"line":192,"column":49},"end":{"line":194,"column":5}},"line":192},"12":{"name":"(anonymous_12)","decl":{"start":{"line":203,"column":2},"end":{"line":203,"column":3}},"loc":{"start":{"line":203,"column":18},"end":{"line":227,"column":3}},"line":203},"13":{"name":"(anonymous_13)","decl":{"start":{"line":214,"column":26},"end":{"line":214,"column":27}},"loc":{"start":{"line":214,"column":31},"end":{"line":214,"column":57}},"line":214},"14":{"name":"(anonymous_14)","decl":{"start":{"line":215,"column":26},"end":{"line":215,"column":27}},"loc":{"start":{"line":215,"column":31},"end":{"line":215,"column":55}},"line":215},"15":{"name":"(anonymous_15)","decl":{"start":{"line":216,"column":21},"end":{"line":216,"column":22}},"loc":{"start":{"line":216,"column":37},"end":{"line":216,"column":70}},"line":216},"16":{"name":"(anonymous_16)","decl":{"start":{"line":229,"column":2},"end":{"line":229,"column":3}},"loc":{"start":{"line":229,"column":11},"end":{"line":256,"column":3}},"line":229},"17":{"name":"(anonymous_17)","decl":{"start":{"line":243,"column":30},"end":{"line":243,"column":31}},"loc":{"start":{"line":243,"column":37},"end":{"line":243,"column":63}},"line":243},"18":{"name":"(anonymous_18)","decl":{"start":{"line":244,"column":30},"end":{"line":244,"column":31}},"loc":{"start":{"line":244,"column":37},"end":{"line":244,"column":61}},"line":244},"19":{"name":"(anonymous_19)","decl":{"start":{"line":245,"column":27},"end":{"line":245,"column":28}},"loc":{"start":{"line":245,"column":41},"end":{"line":245,"column":85}},"line":245},"20":{"name":"(anonymous_20)","decl":{"start":{"line":265,"column":15},"end":{"line":265,"column":16}},"loc":{"start":{"line":265,"column":21},"end":{"line":266,"column":3}},"line":265}},"branchMap":{"0":{"loc":{"start":{"line":175,"column":6},"end":{"line":179,"column":7}},"type":"if","locations":[{"start":{"line":175,"column":6},"end":{"line":179,"column":7}},{"start":{"line":175,"column":6},"end":{"line":179,"column":7}}],"line":175}},"s":{"0":1,"1":1,"2":38,"3":38,"4":38,"5":38,"6":38,"7":8,"8":8,"9":8,"10":8,"11":8,"12":8,"13":0,"14":0,"15":5,"16":5,"17":25,"18":5,"19":20,"20":5,"21":3,"22":3,"23":15,"24":3,"25":19,"26":19,"27":19,"28":19,"29":76,"30":4,"31":2,"32":0,"33":76,"34":19,"35":19,"36":19,"37":1,"38":0,"39":0,"40":1,"41":1},"f":{"0":38,"1":38,"2":38,"3":38,"4":38,"5":8,"6":8,"7":0,"8":5,"9":25,"10":3,"11":15,"12":19,"13":4,"14":2,"15":0,"16":19,"17":1,"18":0,"19":0,"20":0},"b":{"0":[5,20]},"_coverageSchema":"332fd63041d2c1bcb487cc26dd0d5f7d97098a6c","hash":"5ae10b42232339b346aae632faa70a1cad9d1760"}
,"/Users/luantran/Documents/FEC/image-module/image-module/data/image.js": {"path":"/Users/luantran/Documents/FEC/image-module/image-module/data/image.js","statementMap":{"0":{"start":{"line":1,"column":17},"end":{"line":1,"column":19}},"1":{"start":{"line":3,"column":0},"end":{"line":5,"column":1}},"2":{"start":{"line":4,"column":1},"end":{"line":4,"column":104}}},"fnMap":{},"branchMap":{},"s":{"0":2,"1":2,"2":40},"f":{},"b":{},"_coverageSchema":"332fd63041d2c1bcb487cc26dd0d5f7d97098a6c","hash":"5850bdf7c61d67465a2a91adaa7098924231634b"}
,"/Users/luantran/Documents/FEC/image-module/image-module/data/image2.js": {"path":"/Users/luantran/Documents/FEC/image-module/image-module/data/image2.js","statementMap":{"0":{"start":{"line":1,"column":17},"end":{"line":179,"column":1}}},"fnMap":{},"branchMap":{},"s":{"0":1},"f":{},"b":{},"_coverageSchema":"332fd63041d2c1bcb487cc26dd0d5f7d97098a6c","hash":"8d658143bd878ed706404006994e8a90b2e11ac6"}
}
