TN:
SF:/Users/luantran/Documents/FEC/image-module/image-module/client/gallery.jsx
FN:29,(anonymous_0)
FN:31,(anonymous_1)
FN:47,(anonymous_2)
FN:68,(anonymous_3)
FN:91,(anonymous_4)
FN:110,(anonymous_5)
FN:112,(anonymous_6)
FN:126,(anonymous_7)
FN:137,(anonymous_8)
FN:157,(anonymous_9)
FN:175,(anonymous_10)
FN:178,(anonymous_11)
FN:183,(anonymous_12)
FN:196,(anonymous_13)
FN:203,(anonymous_14)
FN:212,(anonymous_15)
FN:220,(anonymous_16)
FN:226,(anonymous_17)
FN:232,(anonymous_18)
FN:247,(anonymous_19)
FN:269,(anonymous_20)
FNF:21
FNH:13
FNDA:0,(anonymous_0)
FNDA:0,(anonymous_1)
FNDA:0,(anonymous_2)
FNDA:0,(anonymous_3)
FNDA:9,(anonymous_4)
FNDA:9,(anonymous_5)
FNDA:0,(anonymous_6)
FNDA:11,(anonymous_7)
FNDA:5,(anonymous_8)
FNDA:5,(anonymous_9)
FNDA:30,(anonymous_10)
FNDA:560,(anonymous_11)
FNDA:0,(anonymous_12)
FNDA:29,(anonymous_13)
FNDA:2,(anonymous_14)
FNDA:29,(anonymous_15)
FNDA:0,(anonymous_16)
FNDA:2,(anonymous_17)
FNDA:3,(anonymous_18)
FNDA:1,(anonymous_19)
FNDA:0,(anonymous_20)
DA:8,2
DA:10,2
DA:23,2
DA:29,0
DA:31,0
DA:37,2
DA:47,0
DA:49,2
DA:61,2
DA:68,0
DA:71,2
DA:76,2
DA:85,2
DA:92,9
DA:93,9
DA:102,9
DA:103,9
DA:104,9
DA:105,9
DA:106,9
DA:107,9
DA:111,9
DA:113,0
DA:114,0
DA:121,0
DA:122,0
DA:127,11
DA:128,11
DA:129,11
DA:138,5
DA:139,5
DA:141,5
DA:142,3
DA:143,2
DA:144,2
DA:147,5
DA:154,5
DA:158,5
DA:159,5
DA:161,5
DA:162,2
DA:163,2
DA:165,3
DA:166,3
DA:167,2
DA:171,5
DA:172,5
DA:176,30
DA:177,30
DA:178,30
DA:180,560
DA:183,0
DA:190,560
DA:193,30
DA:197,29
DA:198,29
DA:200,29
DA:204,2
DA:205,2
DA:213,29
DA:214,29
DA:216,29
DA:220,0
DA:226,2
DA:232,3
DA:247,1
DA:263,2
DA:268,2
LF:68
LH:58
BRDA:47,0,0,0
BRDA:47,0,1,0
BRDA:68,1,0,0
BRDA:68,1,1,0
BRDA:141,2,0,3
BRDA:141,2,1,2
BRDA:141,3,0,5
BRDA:141,3,1,5
BRDA:143,4,0,2
BRDA:143,4,1,0
BRDA:161,5,0,2
BRDA:161,5,1,3
BRDA:162,6,0,2
BRDA:162,6,1,0
BRDA:165,7,0,3
BRDA:165,7,1,0
BRDA:166,8,0,2
BRDA:166,8,1,1
BRDA:248,9,0,27
BRDA:248,9,1,2
BRF:20
BRH:13
end_of_record
TN:
SF:/Users/luantran/Documents/FEC/image-module/image-module/client/imageCollage.jsx
FN:75,(anonymous_0)
FN:86,(anonymous_1)
FN:90,(anonymous_2)
FN:94,(anonymous_3)
FN:99,(anonymous_4)
FN:140,(anonymous_5)
FN:159,(anonymous_6)
FN:161,(anonymous_7)
FN:171,(anonymous_8)
FN:174,(anonymous_9)
FN:189,(anonymous_10)
FN:192,(anonymous_11)
FN:203,(anonymous_12)
FN:215,(anonymous_13)
FN:216,(anonymous_14)
FN:217,(anonymous_15)
FN:230,(anonymous_16)
FN:244,(anonymous_17)
FN:245,(anonymous_18)
FN:246,(anonymous_19)
FN:266,(anonymous_20)
FNF:21
FNH:16
FNDA:38,(anonymous_0)
FNDA:38,(anonymous_1)
FNDA:38,(anonymous_2)
FNDA:38,(anonymous_3)
FNDA:38,(anonymous_4)
FNDA:8,(anonymous_5)
FNDA:8,(anonymous_6)
FNDA:0,(anonymous_7)
FNDA:5,(anonymous_8)
FNDA:25,(anonymous_9)
FNDA:3,(anonymous_10)
FNDA:15,(anonymous_11)
FNDA:19,(anonymous_12)
FNDA:4,(anonymous_13)
FNDA:2,(anonymous_14)
FNDA:0,(anonymous_15)
FNDA:19,(anonymous_16)
FNDA:1,(anonymous_17)
FNDA:0,(anonymous_18)
FNDA:0,(anonymous_19)
FNDA:0,(anonymous_20)
DA:8,1
DA:10,1
DA:75,38
DA:86,38
DA:90,38
DA:94,38
DA:99,38
DA:141,8
DA:143,8
DA:154,8
DA:155,8
DA:156,8
DA:160,8
DA:162,0
DA:163,0
DA:172,5
DA:174,5
DA:175,25
DA:176,5
DA:178,20
DA:182,5
DA:190,3
DA:192,3
DA:193,15
DA:196,3
DA:204,19
DA:205,19
DA:206,19
DA:209,19
DA:211,76
DA:215,4
DA:216,2
DA:217,0
DA:223,76
DA:227,19
DA:231,19
DA:232,19
DA:244,1
DA:245,0
DA:246,0
DA:261,1
DA:265,1
LF:42
LH:37
BRDA:175,0,0,5
BRDA:175,0,1,20
BRF:2
BRH:2
end_of_record
TN:
SF:/Users/luantran/Documents/FEC/image-module/image-module/data/image.js
FNF:0
FNH:0
DA:1,2
DA:3,2
DA:4,40
LF:3
LH:3
BRF:0
BRH:0
end_of_record
TN:
SF:/Users/luantran/Documents/FEC/image-module/image-module/data/image2.js
FNF:0
FNH:0
DA:1,1
LF:1
LH:1
BRF:0
BRH:0
end_of_record
