TN:
SF:/Users/luantran/Documents/FEC/image-module/image-module/client/gallery.jsx
FN:28,(anonymous_0)
FN:40,(anonymous_1)
FN:59,(anonymous_2)
FN:65,(anonymous_3)
FN:86,(anonymous_4)
FN:88,(anonymous_5)
FN:103,(anonymous_6)
FN:113,(anonymous_7)
FN:139,(anonymous_8)
FN:162,(anonymous_9)
FN:166,(anonymous_10)
FN:174,(anonymous_11)
FN:177,(anonymous_12)
FN:182,(anonymous_13)
FN:183,(anonymous_14)
FN:184,(anonymous_15)
FN:197,(anonymous_16)
FN:206,(anonymous_17)
FN:212,(anonymous_18)
FN:219,(anonymous_19)
FN:225,(anonymous_20)
FN:231,(anonymous_21)
FN:244,(anonymous_22)
FNF:23
FNH:12
FNDA:0,(anonymous_0)
FNDA:0,(anonymous_1)
FNDA:0,(anonymous_2)
FNDA:7,(anonymous_3)
FNDA:7,(anonymous_4)
FNDA:0,(anonymous_5)
FNDA:10,(anonymous_6)
FNDA:5,(anonymous_7)
FNDA:5,(anonymous_8)
FNDA:0,(anonymous_9)
FNDA:0,(anonymous_10)
FNDA:30,(anonymous_11)
FNDA:550,(anonymous_12)
FNDA:0,(anonymous_13)
FNDA:0,(anonymous_14)
FNDA:0,(anonymous_15)
FNDA:31,(anonymous_16)
FNDA:1,(anonymous_17)
FNDA:31,(anonymous_18)
FNDA:0,(anonymous_19)
FNDA:2,(anonymous_20)
FNDA:3,(anonymous_21)
FNDA:0,(anonymous_22)
DA:8,2
DA:10,2
DA:23,2
DA:28,0
DA:31,2
DA:40,0
DA:42,2
DA:53,2
DA:59,0
DA:66,7
DA:67,7
DA:76,7
DA:77,7
DA:78,7
DA:79,7
DA:80,7
DA:81,7
DA:82,7
DA:87,7
DA:89,0
DA:90,0
DA:91,0
DA:97,0
DA:98,0
DA:99,0
DA:104,10
DA:105,10
DA:106,10
DA:107,10
DA:108,10
DA:109,10
DA:114,5
DA:115,5
DA:116,5
DA:117,5
DA:120,5
DA:122,5
DA:123,3
DA:124,2
DA:125,2
DA:128,5
DA:136,5
DA:140,5
DA:141,5
DA:143,5
DA:144,5
DA:145,5
DA:146,2
DA:147,2
DA:149,3
DA:150,3
DA:151,2
DA:154,5
DA:155,5
DA:156,5
DA:157,5
DA:158,5
DA:163,0
DA:167,0
DA:169,0
DA:170,0
DA:175,30
DA:176,30
DA:177,30
DA:179,550
DA:182,0
DA:183,0
DA:184,0
DA:191,550
DA:194,30
DA:198,31
DA:199,31
DA:200,30
DA:201,30
DA:203,30
DA:207,1
DA:209,1
DA:213,31
DA:214,31
DA:216,31
DA:219,0
DA:225,2
DA:231,3
DA:244,0
DA:262,2
LF:85
LH:67
BRDA:40,0,0,0
BRDA:40,0,1,0
BRDA:59,1,0,0
BRDA:59,1,1,0
BRDA:116,2,0,5
BRDA:116,2,1,0
BRDA:122,3,0,3
BRDA:122,3,1,2
BRDA:122,4,0,5
BRDA:122,4,1,5
BRDA:124,5,0,2
BRDA:124,5,1,0
BRDA:145,6,0,2
BRDA:145,6,1,3
BRDA:146,7,0,2
BRDA:146,7,1,0
BRDA:149,8,0,3
BRDA:149,8,1,0
BRDA:150,9,0,2
BRDA:150,9,1,1
BRDA:169,10,0,0
BRDA:169,10,1,0
BRDA:245,11,0,29
BRDA:245,11,1,1
BRF:24
BRH:14
end_of_record
TN:
SF:/Users/luantran/Documents/FEC/image-module/image-module/client/imageCollage.jsx
FN:93,(anonymous_0)
FN:104,(anonymous_1)
FN:106,(anonymous_2)
FN:114,(anonymous_3)
FN:122,(anonymous_4)
FN:135,(anonymous_5)
FN:148,(anonymous_6)
FN:154,(anonymous_7)
FN:155,(anonymous_8)
FN:156,(anonymous_9)
FN:157,(anonymous_10)
FN:158,(anonymous_11)
FNF:12
FNH:4
FNDA:5,(anonymous_0)
FNDA:5,(anonymous_1)
FNDA:0,(anonymous_2)
FNDA:1,(anonymous_3)
FNDA:0,(anonymous_4)
FNDA:0,(anonymous_5)
FNDA:6,(anonymous_6)
FNDA:0,(anonymous_7)
FNDA:0,(anonymous_8)
FNDA:0,(anonymous_9)
FNDA:0,(anonymous_10)
FNDA:0,(anonymous_11)
DA:6,1
DA:9,1
DA:94,5
DA:96,5
DA:101,5
DA:105,5
DA:107,0
DA:108,0
DA:109,0
DA:110,0
DA:118,1
DA:119,1
DA:120,1
DA:122,1
DA:123,0
DA:126,0
DA:127,0
DA:128,0
DA:129,0
DA:130,0
DA:135,1
DA:136,0
DA:137,0
DA:141,1
DA:149,6
DA:151,6
DA:154,0
DA:155,0
DA:156,0
DA:157,0
DA:158,0
LF:31
LH:14
BRDA:129,0,0,0
BRDA:129,0,1,0
BRF:2
BRH:0
end_of_record
TN:
SF:/Users/luantran/Documents/FEC/image-module/image-module/data/image.js
FNF:0
FNH:0
DA:1,2
DA:3,2
DA:4,40
LF:3
LH:3
BRF:0
BRH:0
end_of_record
TN:
SF:/Users/luantran/Documents/FEC/image-module/image-module/data/image2.js
FNF:0
FNH:0
DA:1,1
LF:1
LH:1
BRF:0
BRH:0
end_of_record
